<?xml version="1.0" encoding="UTF-8"?>
<testsuite name="com.empowerops.linqalike.SequentialComparatorFixture" tests="4" skipped="0" failures="0" errors="0" timestamp="2015-08-24T08:23:42" hostname="Batou" time="0.001">
  <properties/>
  <testcase name="when_comparing_two_empty_lists_comparator_yields_equals" classname="com.empowerops.linqalike.SequentialComparatorFixture" time="0.0"/>
  <testcase name="when_comparing_the_empty_list_to_a_nonempty_one_the_empty_one_wins" classname="com.empowerops.linqalike.SequentialComparatorFixture" time="0.0"/>
  <testcase name="when_comparing_two_lists_where_the_shorter_one_is_worse_should_get_larger" classname="com.empowerops.linqalike.SequentialComparatorFixture" time="0.0"/>
  <testcase name="when_comparing_two_sets_of_strings_and_one_wins_3_entries_in_should_rank_that_one_first" classname="com.empowerops.linqalike.SequentialComparatorFixture" time="0.0"/>
  <system-out><![CDATA[]]></system-out>
  <system-err><![CDATA[]]></system-err>
</testsuite>
