<?xml version="1.0" encoding="UTF-8"?>
<testsuite name="com.empowerops.linqalike.AnyFixture" tests="5" skipped="0" failures="0" errors="0" timestamp="2015-08-24T08:23:40" hostname="Batou" time="0.002">
  <properties/>
  <testcase name="when_calling_conditionless_any_on_set_containing_one_element_result_should_be_true" classname="com.empowerops.linqalike.AnyFixture" time="0.0"/>
  <testcase name="when_calling_any_with_condition_on_empty_set_result_should_be_false" classname="com.empowerops.linqalike.AnyFixture" time="0.001"/>
  <testcase name="when_calling_any_on_set_with_one_element_passing" classname="com.empowerops.linqalike.AnyFixture" time="0.0"/>
  <testcase name="when_calling_conditionless_any_on_empty_set_result_should_be_false" classname="com.empowerops.linqalike.AnyFixture" time="0.0"/>
  <testcase name="when_calling_any_on_set_with_no_elements_passing" classname="com.empowerops.linqalike.AnyFixture" time="0.001"/>
  <system-out><![CDATA[]]></system-out>
  <system-err><![CDATA[]]></system-err>
</testsuite>
