<?xml version="1.0" encoding="UTF-8"?>
<testsuite name="com.empowerops.linqalike.queries.UnionQueryFixture" tests="7" skipped="0" failures="0" errors="0" timestamp="2015-08-24T08:23:42" hostname="Batou" time="0.005">
  <properties/>
  <testcase name="when_calling_union_on_two_disjoint_sets_the_result_should_be_the_simple_sum" classname="com.empowerops.linqalike.queries.UnionQueryFixture" time="0.001"/>
  <testcase name="when_calling_union_on_two_set_identical_sets_the_result_should_be_identical_to_the_arguments" classname="com.empowerops.linqalike.queries.UnionQueryFixture" time="0.001"/>
  <testcase name="when_calling_union_on_one_filled_set_and_one_empty_set" classname="com.empowerops.linqalike.queries.UnionQueryFixture" time="0.0"/>
  <testcase name="when_calling_union_on_a_set_already_containing_duplicates_the_duplicates_should_be_removed" classname="com.empowerops.linqalike.queries.UnionQueryFixture" time="0.0"/>
  <testcase name="when_calling_union_on_two_sets_where_the_summation_contains_a_duplicate_the_dupliace_should_be_removed" classname="com.empowerops.linqalike.queries.UnionQueryFixture" time="0.003"/>
  <testcase name="when_calling_union_on_a_subset_result_should_appear_identical" classname="com.empowerops.linqalike.queries.UnionQueryFixture" time="0.0"/>
  <testcase name="when_calling_union_on_two_sets_both_with_nulls" classname="com.empowerops.linqalike.queries.UnionQueryFixture" time="0.0"/>
  <system-out><![CDATA[]]></system-out>
  <system-err><![CDATA[]]></system-err>
</testsuite>
