<?xml version="1.0" encoding="UTF-8"?>
<testsuite name="com.empowerops.linqalike.queries.GroupByFixture" tests="8" skipped="0" failures="0" errors="0" timestamp="2015-08-24T08:23:42" hostname="Batou" time="0.018">
  <properties/>
  <testcase name="when_grouping_a_set_containing_no_groups" classname="com.empowerops.linqalike.queries.GroupByFixture" time="0.007"/>
  <testcase name="when_grouping_a_bag_containing_ref_equals_entries_that_are_in_different_groups" classname="com.empowerops.linqalike.queries.GroupByFixture" time="0.002"/>
  <testcase name="when_grouping_an_empty_set" classname="com.empowerops.linqalike.queries.GroupByFixture" time="0.0"/>
  <testcase name="when_adding_a_member_to_a_group_already_resolved_by_a_group_by_query_group_should_contain_new_element" classname="com.empowerops.linqalike.queries.GroupByFixture" time="0.005"/>
  <testcase name="when_grouping_a_set_containing_groups" classname="com.empowerops.linqalike.queries.GroupByFixture" time="0.001"/>
  <testcase name="when_groups_are_found_prior_to_adding_a_new_ungrouped_value_to_the_source_list_query_should_see_newly_added_group" classname="com.empowerops.linqalike.queries.GroupByFixture" time="0.0"/>
  <testcase name="when_groups_are_found_prior_to_adding_a_wouldbe_group_member_to_the_source_list_query_should_see_new_group_member" classname="com.empowerops.linqalike.queries.GroupByFixture" time="0.001"/>
  <testcase name="when_grouping_a_bag_containing_multiple_ref_equals_entries" classname="com.empowerops.linqalike.queries.GroupByFixture" time="0.001"/>
  <system-out><![CDATA[]]></system-out>
  <system-err><![CDATA[]]></system-err>
</testsuite>
