<?xml version="1.0" encoding="UTF-8"?>
<testsuite name="com.empowerops.linqalike.AverageFixture" tests="2" skipped="0" failures="0" errors="0" timestamp="2015-08-24T08:23:40" hostname="Batou" time="0.003">
  <properties/>
  <testcase name="when_averaging_an_empty_set_average_call_should_give_NaN" classname="com.empowerops.linqalike.AverageFixture" time="0.001"/>
  <testcase name="when_averaging_a_set_of_doubles_the_result_should_be_the_average" classname="com.empowerops.linqalike.AverageFixture" time="0.002"/>
  <system-out><![CDATA[]]></system-out>
  <system-err><![CDATA[]]></system-err>
</testsuite>
