<?xml version="1.0" encoding="UTF-8"?>
<testsuite name="com.empowerops.linqalike.queries.ExceptQueryFixture" tests="11" skipped="0" failures="0" errors="0" timestamp="2015-08-24T08:23:42" hostname="Batou" time="0.009">
  <properties/>
  <testcase name="when_excluding_something_that_is_a_duplicate_by_default_equality_but_not_by_a_specified_equality_comparator" classname="com.empowerops.linqalike.queries.ExceptQueryFixture" time="0.003"/>
  <testcase name="when_excluding_empty_set_of_elements_from_valid_set" classname="com.empowerops.linqalike.queries.ExceptQueryFixture" time="0.0"/>
  <testcase name="when_excluding_some_elements_including_duplicates_using_a_selector" classname="com.empowerops.linqalike.queries.ExceptQueryFixture" time="0.001"/>
  <testcase name="when_calling_excluding_prior_to_adding_values_to_the_right_list_except_query_should_see_newly_excluded_values" classname="com.empowerops.linqalike.queries.ExceptQueryFixture" time="0.001"/>
  <testcase name="when_excluding_elements_using_the_default_equality_comparer" classname="com.empowerops.linqalike.queries.ExceptQueryFixture" time="0.0"/>
  <testcase name="when_excluding_something_that_is_a_duplicate_by_default_equality_but_not_by_a_specified_comparable_selector" classname="com.empowerops.linqalike.queries.ExceptQueryFixture" time="0.0"/>
  <testcase name="when_calling_except_with_comparable_selector" classname="com.empowerops.linqalike.queries.ExceptQueryFixture" time="0.002"/>
  <testcase name="when_calling_excluding_prior_to_adding_values_to_the_left_list_excluding_query_should_see_newly_added_values" classname="com.empowerops.linqalike.queries.ExceptQueryFixture" time="0.0"/>
  <testcase name="when_excluding_null_call_should_throw_exception" classname="com.empowerops.linqalike.queries.ExceptQueryFixture" time="0.0"/>
  <testcase name="when_calling_except_with_equality_comparor" classname="com.empowerops.linqalike.queries.ExceptQueryFixture" time="0.001"/>
  <testcase name="when_excluding_elements_from_empty_set" classname="com.empowerops.linqalike.queries.ExceptQueryFixture" time="0.0"/>
  <system-out><![CDATA[]]></system-out>
  <system-err><![CDATA[]]></system-err>
</testsuite>
