<?xml version="1.0" encoding="UTF-8"?>
<testsuite name="com.empowerops.linqalike.QueryableUsageExamples" tests="1" skipped="0" failures="0" errors="0" timestamp="2015-08-24T08:23:40" hostname="Batou" time="0.01">
  <properties/>
  <testcase name="when_youve_got_an_obnoxious_grid_you_want_to_convert_to_a_readonly_queryable" classname="com.empowerops.linqalike.QueryableUsageExamples" time="0.01"/>
  <system-out><![CDATA[]]></system-out>
  <system-err><![CDATA[]]></system-err>
</testsuite>
