<?xml version="1.0" encoding="UTF-8"?>
<testsuite name="com.empowerops.linqalike.queries.ReversedQueryFixture" tests="4" skipped="0" failures="0" errors="0" timestamp="2015-08-24T08:23:42" hostname="Batou" time="0.001">
  <properties/>
  <testcase name="when_reversing_a_set_of_numbers" classname="com.empowerops.linqalike.queries.ReversedQueryFixture" time="0.001"/>
  <testcase name="when_a_bag_is_reversed" classname="com.empowerops.linqalike.queries.ReversedQueryFixture" time="0.0"/>
  <testcase name="when_given_source_is_reversed_prior_to_adding_a_value_the_added_item_should_appear_in_reversed_list" classname="com.empowerops.linqalike.queries.ReversedQueryFixture" time="0.0"/>
  <testcase name="when_empty_set_is_reversed" classname="com.empowerops.linqalike.queries.ReversedQueryFixture" time="0.0"/>
  <system-out><![CDATA[]]></system-out>
  <system-err><![CDATA[]]></system-err>
</testsuite>
