<?xml version="1.0" encoding="UTF-8"?>
<testsuite name="com.empowerops.linqalike.queries.OrderByQueryFixture" tests="8" skipped="0" failures="0" errors="0" timestamp="2015-08-24T08:23:42" hostname="Batou" time="0.01">
  <properties/>
  <testcase name="when_ordering_a_bag" classname="com.empowerops.linqalike.queries.OrderByQueryFixture" time="0.003"/>
  <testcase name="when_ordering_an_unordered_set_of_integers_by_their_value" classname="com.empowerops.linqalike.queries.OrderByQueryFixture" time="0.001"/>
  <testcase name="when_ordering_by_a_non_sequitur" classname="com.empowerops.linqalike.queries.OrderByQueryFixture" time="0.002"/>
  <testcase name="when_ordering_by_a_nonintuitive_comparison" classname="com.empowerops.linqalike.queries.OrderByQueryFixture" time="0.002"/>
  <testcase name="when_ordering_an_empty_set" classname="com.empowerops.linqalike.queries.OrderByQueryFixture" time="0.001"/>
  <testcase name="when_calling_order_by_on_a_set_containing_a_duplicate_by_default_equality_but_not_by_a_specified_comparable_selector" classname="com.empowerops.linqalike.queries.OrderByQueryFixture" time="0.0"/>
  <testcase name="when_comparing_two_custom_objects_by_a_string_field" classname="com.empowerops.linqalike.queries.OrderByQueryFixture" time="0.001"/>
  <testcase name="when_calling_order_by_prior_to_adding_values_to_the_source_list_order_by_should_see_newly_added_values" classname="com.empowerops.linqalike.queries.OrderByQueryFixture" time="0.0"/>
  <system-out><![CDATA[]]></system-out>
  <system-err><![CDATA[]]></system-err>
</testsuite>
