<?xml version="1.0" encoding="UTF-8"?>
<testsuite name="com.empowerops.linqalike.IsSubsequenceOfFixture" tests="8" skipped="0" failures="0" errors="0" timestamp="2015-08-24T08:23:40" hostname="Batou" time="0.004">
  <properties/>
  <testcase name="when_asking_if_empty_set_is_subsequence_of_another_seq_should_get_true" classname="com.empowerops.linqalike.IsSubsequenceOfFixture" time="0.0"/>
  <testcase name="when_asking_if_non_subsequence_is_a_subsequence_of_a_non_supersequence_result_should_be_false" classname="com.empowerops.linqalike.IsSubsequenceOfFixture" time="0.0"/>
  <testcase name="when_asking_if_a_would_be_subsequence_except_for_its_duplicate_is_the_subsequence_of_another_long_seq_should_get_false" classname="com.empowerops.linqalike.IsSubsequenceOfFixture" time="0.0"/>
  <testcase name="when_asking_if_huge_duplicate_sequence_is_subsequence_of_another_larger_squence_should_be_true" classname="com.empowerops.linqalike.IsSubsequenceOfFixture" time="0.0"/>
  <testcase name="when_asking_if_simple_sequence_is_the_subsequence_of_a_larger_supersequence_result_should_be_true" classname="com.empowerops.linqalike.IsSubsequenceOfFixture" time="0.0"/>
  <testcase name="when_asking_empty_set_if_its_a_subsequence_of_empty_set_should_get_true" classname="com.empowerops.linqalike.IsSubsequenceOfFixture" time="0.0"/>
  <testcase name="when_asking_if_a_would_be_subsequence_except_for_its_duplicate_is_the_subsequence_of_another_should_get_false" classname="com.empowerops.linqalike.IsSubsequenceOfFixture" time="0.0"/>
  <testcase name="when_asking_if_a_sparse_sequence_is_the_subsequence_of_a_larger_supersequence_result_should_be_true" classname="com.empowerops.linqalike.IsSubsequenceOfFixture" time="0.0"/>
  <system-out><![CDATA[]]></system-out>
  <system-err><![CDATA[]]></system-err>
</testsuite>
