<?xml version="1.0" encoding="UTF-8"?>
<testsuite name="com.empowerops.linqalike.ReadonlyLinqingSetFixture" tests="1" skipped="0" failures="0" errors="0" timestamp="2015-08-24T08:23:40" hostname="Batou" time="2.324">
  <properties/>
  <testcase name="when_constructed_elements_are_retained" classname="com.empowerops.linqalike.ReadonlyLinqingSetFixture" time="2.324"/>
  <system-out><![CDATA[]]></system-out>
  <system-err><![CDATA[]]></system-err>
</testsuite>
