<?xml version="1.0" encoding="UTF-8"?>
<testsuite name="com.empowerops.linqalike.queries.LastElementsFixture" tests="4" skipped="0" failures="0" errors="0" timestamp="2015-08-24T08:23:42" hostname="Batou" time="0.012">
  <properties/>
  <testcase name="when_asking_for_the_last_3_elements_of_a_5_element_list" classname="com.empowerops.linqalike.queries.LastElementsFixture" time="0.01"/>
  <testcase name="when_asking_for_the_last_9_elements_in_a_6_element_list" classname="com.empowerops.linqalike.queries.LastElementsFixture" time="0.001"/>
  <testcase name="when_asking_for_the_last_bunch_of_an_empty_set_should_get_the_empty_set_back" classname="com.empowerops.linqalike.queries.LastElementsFixture" time="0.0"/>
  <testcase name="when_asking_for_the_last_elements_the_result_should_be_lazy" classname="com.empowerops.linqalike.queries.LastElementsFixture" time="0.001"/>
  <system-out><![CDATA[]]></system-out>
  <system-err><![CDATA[]]></system-err>
</testsuite>
