<?xml version="1.0" encoding="UTF-8"?>
<testsuite name="com.empowerops.linqalike.queries.WhereQueryFixture" tests="7" skipped="0" failures="0" errors="0" timestamp="2015-08-24T08:23:42" hostname="Batou" time="0.004">
  <properties/>
  <testcase name="when_filtering_on_number_list_by_tautology_should_return_all_members_of_list" classname="com.empowerops.linqalike.queries.WhereQueryFixture" time="0.001"/>
  <testcase name="when_filtering_on_a_list_of_country_namedvalues_it_should_return_proper_countries" classname="com.empowerops.linqalike.queries.WhereQueryFixture" time="0.0"/>
  <testcase name="when_filtering_on_number_list_by_non_matching_condition_should_return_empty_list" classname="com.empowerops.linqalike.queries.WhereQueryFixture" time="0.001"/>
  <testcase name="when_filtering_on_a_list_of_desperate_types_it_should_apply_the_condition_to_each" classname="com.empowerops.linqalike.queries.WhereQueryFixture" time="0.0"/>
  <testcase name="when_filtering_an_empty_list_it_should_return_empty_list" classname="com.empowerops.linqalike.queries.WhereQueryFixture" time="0.001"/>
  <testcase name="when_filtering_on_number_list_by_null_it_should_throw_argumentexception" classname="com.empowerops.linqalike.queries.WhereQueryFixture" time="0.001"/>
  <testcase name="when_filtering_on_number_list_by_evenness_it_should_return_even_values" classname="com.empowerops.linqalike.queries.WhereQueryFixture" time="0.0"/>
  <system-out><![CDATA[]]></system-out>
  <system-err><![CDATA[]]></system-err>
</testsuite>
