<?xml version="1.0" encoding="UTF-8"?>
<testsuite name="com.empowerops.linqalike.isSubsetOfFixture" tests="4" skipped="0" failures="0" errors="0" timestamp="2015-08-24T08:23:40" hostname="Batou" time="0.002">
  <properties/>
  <testcase name="when_asking_empty_set_if_its_a_subset_of_a_set_linq_should_return_true" classname="com.empowerops.linqalike.isSubsetOfFixture" time="0.002"/>
  <testcase name="when_asking_superset_if_its_a_subset_of_a_smaller_set_linq_should_return_false" classname="com.empowerops.linqalike.isSubsetOfFixture" time="0.0"/>
  <testcase name="when_asking_a_simple_subset_if_its_a_subset_linq_should_return_true" classname="com.empowerops.linqalike.isSubsetOfFixture" time="0.0"/>
  <testcase name="when_asking_if_two_refEquals_set_are_subsets_linq_should_return_true" classname="com.empowerops.linqalike.isSubsetOfFixture" time="0.0"/>
  <system-out><![CDATA[]]></system-out>
  <system-err><![CDATA[]]></system-err>
</testsuite>
