<?xml version="1.0" encoding="UTF-8"?>
<testsuite name="com.empowerops.linqalike.common.ComparingLinkedHashSetFixture" tests="1" skipped="0" failures="0" errors="0" timestamp="2015-08-24T08:23:42" hostname="Batou" time="0.002">
  <properties/>
  <testcase name="when_using_a_bad_uniqueness_comparator_set_maintains_most_recent_values" classname="com.empowerops.linqalike.common.ComparingLinkedHashSetFixture" time="0.002"/>
  <system-out><![CDATA[]]></system-out>
  <system-err><![CDATA[]]></system-err>
</testsuite>
