<?xml version="1.0" encoding="UTF-8"?>
<testsuite name="com.empowerops.linqalike.LanguageFeatureFixtures" tests="8" skipped="0" failures="0" errors="0" timestamp="2015-08-24T08:23:40" hostname="Batou" time="0.016">
  <properties/>
  <testcase name="when_getting_class_of_a_lambda" classname="com.empowerops.linqalike.LanguageFeatureFixtures" time="0.002"/>
  <testcase name="when_casting_list_from_Number_to_Double_then_add_a_float_should_unbox_properly" classname="com.empowerops.linqalike.LanguageFeatureFixtures" time="0.001"/>
  <testcase name="when_comparing_booleans" classname="com.empowerops.linqalike.LanguageFeatureFixtures" time="0.0"/>
  <testcase name="when_comparing_a_double_to_a_long" classname="com.empowerops.linqalike.LanguageFeatureFixtures" time="0.0"/>
  <testcase name="when_two_interfaces_have_signature_collision_java_resolves_an_impl" classname="com.empowerops.linqalike.LanguageFeatureFixtures" time="0.002"/>
  <testcase name="when_asking_for_the_return_type_of_a_generic_instance" classname="com.empowerops.linqalike.LanguageFeatureFixtures" time="0.004"/>
  <testcase name="when_using_array_constructor_as_factory" classname="com.empowerops.linqalike.LanguageFeatureFixtures" time="0.005"/>
  <testcase name="when_asking_java_for_the_environment_variables" classname="com.empowerops.linqalike.LanguageFeatureFixtures" time="0.002"/>
  <system-out><![CDATA[]]></system-out>
  <system-err><![CDATA[]]></system-err>
</testsuite>
