<?xml version="1.0" encoding="UTF-8"?>
<testsuite name="com.empowerops.linqalike.ToArrayFixture" tests="2" skipped="0" failures="0" errors="0" timestamp="2015-08-24T08:23:42" hostname="Batou" time="0.005">
  <properties/>
  <testcase name="when_calling_to_array_on_a_set_of_ints" classname="com.empowerops.linqalike.ToArrayFixture" time="0.004"/>
  <testcase name="when_calling_to_array_on_a_set_of_objects" classname="com.empowerops.linqalike.ToArrayFixture" time="0.001"/>
  <system-out><![CDATA[]]></system-out>
  <system-err><![CDATA[]]></system-err>
</testsuite>
